5a6,9
> #module load contrib sutils
> module use -a /contrib/sutils/modulefiles
> module load sutils
> 
18c22
< module load g2tmpl/1.5.0
---
> #module load g2tmpl/1.5.0
23,26d26
< #Load from emc.nemspara
< module use -a /scratch1/NCEPDEV/nems/emc.nemspara/soft/modulefiles
< module load esmf/8.0.0bs48
< 
30d29
< module use -a /scratch2/NCEPDEV/nwprod/NCEPLIBS/modulefiles
38,58c37,41
< #
< ###
< ### load modules for WW3 grib
< ###
< module use -a /scratch1/NCEPDEV/global/gwv/l819/lib/modulefiles
< module load jasper-intel-sandybridge/1.900.1
< module load png-intel-sandybridge/1.2.44
< module load zlib-intel-sandybridge/1.2.6
< #
< ###
< ### load ESMF library for above compiler / MPI combination
< ### use pre-compiled EMSF library for above compiler / MPI combination
< ###
< module use -a /scratch1/NCEPDEV/nems/emc.nemspara/soft/modulefiles
< module load esmf/8.0.0bs48
< #
< #orig before contrib change
< #module use -a /contrib/modulefiles
< #module load anaconda/2.3.0
< module use -a /contrib/anaconda/modulefiles
< module load anaconda/2.3.0
---
> module load g2tmpl/1.6.0
> module load crtm/2.2.6
> module load jasper/1.900.1
> module load png/1.2.44
> module load z/1.2.11
59a43,44
> ## load modules for nceppost grib
> module load post/8.0.1
61,63c46,61
< module use -a /scratch2/NCEPDEV/nwprod/NCEPLIBS/modulefiles
< module load grib_util/1.1.1
< module load grib_util/1.1.1
---
> ##
> ## load ESMF library for above compiler / MPI combination
> ## use pre-compiled EMSF library for above compiler / MPI combination
> ##
> module use -a /scratch1/NCEPDEV/nems/emc.nemspara/soft/modulefiles
> module load esmf/8.0.0
> 
> ##
> ## load cmake
> ##
> module use -a /contrib/cmake/modulefiles
> module load cmake/3.9.0
> setenv CMAKE_C_COMPILER mpiicc
> setenv CMAKE_CXX_COMPILER mpiicpc
> setenv CMAKE_Fortran_COMPILER mpiifort
> setenv CMAKE_Platform hera.intel
